2020-11-11 08:31:10,764 - 11112 - root - INFO - ************************************************************
2020-11-11 08:31:10,765 - 11112 - root - INFO - INICIA ALGORITMO GENETICO
2020-11-11 08:31:10,765 - 11112 - root - INFO - ************************************************************
2020-11-11 08:36:32,622 - 11112 - root - INFO - generacion 0 de 20
2020-11-11 08:48:55,701 - 11112 - root - INFO - Inicia busqueda local en la generacion al final de la generacion 0
2020-11-11 08:48:55,701 - 11112 - root - INFO - Entra a bin cont
2020-11-11 08:51:35,981 - 11112 - root - INFO - NO HAY MEJORA EN EL VECINDARIO
2020-11-11 08:51:35,982 - 11112 - root - INFO - generacion 1 de 20
2020-11-11 09:05:44,866 - 11112 - root - INFO - Inicia busqueda local en la generacion al final de la generacion 1
2020-11-11 09:05:44,867 - 11112 - root - INFO - Entra a bin cont
2020-11-11 09:08:30,381 - 11112 - root - INFO - NO HAY MEJORA EN EL VECINDARIO
2020-11-11 09:08:30,381 - 11112 - root - INFO - generacion 2 de 20
2020-11-11 09:24:36,961 - 11112 - root - INFO - Inicia busqueda local en la generacion al final de la generacion 2
2020-11-11 09:24:36,961 - 11112 - root - INFO - Entra a bin cont
2020-11-11 09:27:27,086 - 11112 - root - INFO - NO HAY MEJORA EN EL VECINDARIO
2020-11-11 09:27:27,087 - 11112 - root - INFO - generacion 3 de 20
2020-11-11 09:42:01,016 - 11112 - root - INFO - Inicia busqueda local en la generacion al final de la generacion 3
2020-11-11 09:42:01,016 - 11112 - root - INFO - Entra a bin cont
2020-11-11 09:43:52,019 - 11112 - root - INFO - NO HAY MEJORA EN EL VECINDARIO
2020-11-11 09:43:52,020 - 11112 - root - INFO - generacion 4 de 20
2020-11-11 09:53:37,845 - 11112 - root - INFO - Inicia busqueda local en la generacion al final de la generacion 4
2020-11-11 09:53:37,845 - 11112 - root - INFO - Entra a bin cont
2020-11-11 09:55:18,990 - 11112 - root - INFO - NO HAY MEJORA EN EL VECINDARIO
2020-11-11 09:55:18,991 - 11112 - root - INFO - generacion 5 de 20
2020-11-11 10:05:06,344 - 11112 - root - INFO - Inicia busqueda local en la generacion al final de la generacion 5
2020-11-11 10:05:06,344 - 11112 - root - INFO - Entra a bin cont
2020-11-11 10:07:30,331 - 11112 - root - INFO - NO HAY MEJORA EN EL VECINDARIO
2020-11-11 10:07:30,331 - 11112 - root - INFO - generacion 6 de 20
2020-11-11 10:15:03,827 - 11112 - root - INFO - Inicia busqueda local en la generacion al final de la generacion 6
2020-11-11 10:15:03,827 - 11112 - root - INFO - Entra a bin cont
2020-11-11 10:16:41,737 - 11112 - root - INFO - NO HAY MEJORA EN EL VECINDARIO
2020-11-11 10:16:41,738 - 11112 - root - INFO - generacion 7 de 20
2020-11-11 10:27:29,101 - 11112 - root - INFO - Inicia busqueda local en la generacion al final de la generacion 7
2020-11-11 10:27:29,101 - 11112 - root - INFO - Entra a bin cont
2020-11-11 10:29:17,146 - 11112 - root - INFO - NO HAY MEJORA EN EL VECINDARIO
2020-11-11 10:29:17,147 - 11112 - root - INFO - generacion 8 de 20
2020-11-11 10:39:35,056 - 11112 - root - INFO - Inicia busqueda local en la generacion al final de la generacion 8
2020-11-11 10:39:35,056 - 11112 - root - INFO - Entra a bin cont
2020-11-11 10:41:38,902 - 11112 - root - INFO - NO HAY MEJORA EN EL VECINDARIO
2020-11-11 10:41:38,903 - 11112 - root - INFO - generacion 9 de 20
2020-11-11 10:52:09,178 - 11112 - root - INFO - Inicia busqueda local en la generacion al final de la generacion 9
2020-11-11 10:52:09,178 - 11112 - root - INFO - Entra a bin cont
2020-11-11 10:54:21,421 - 11112 - root - INFO - NO HAY MEJORA EN EL VECINDARIO
2020-11-11 10:54:21,422 - 11112 - root - INFO - generacion 10 de 20
2020-11-11 11:03:50,280 - 11112 - root - INFO - Inicia busqueda local en la generacion al final de la generacion 10
2020-11-11 11:03:50,280 - 11112 - root - INFO - Entra a bin cont
2020-11-11 11:05:52,008 - 11112 - root - INFO - NO HAY MEJORA EN EL VECINDARIO
2020-11-11 11:05:52,009 - 11112 - root - INFO - generacion 11 de 20
2020-11-11 11:11:48,338 - 11112 - root - INFO - Inicia busqueda local en la generacion al final de la generacion 11
2020-11-11 11:11:48,338 - 11112 - root - INFO - Entra a bin cont
2020-11-11 11:12:30,128 - 11112 - root - INFO - Mejora la solucion con la busqueda local: {'layer_sizes': (7, 72, 94), 'activation': 'identity', 'alpha': 0.02044677734375, 'alpha_bin': array([1, 1, 0, 0, 0, 0, 1, 0, 0, 0, 0, 0, 0, 0, 0]), 'learning_rate_init': 0.1630859375, 'learning_rate_init_bin': array([0, 0, 0, 0, 0, 1, 1, 1, 0, 0, 1, 0, 1, 0, 0]), 'fitness': 0.783549102284284}
2020-11-11 11:12:30,128 - 11112 - root - INFO - Encuentra mejor solucion en busqueda local
2020-11-11 11:12:30,128 - 11112 - root - INFO - Agrega a la poblacion el mejor individuo de LS
2020-11-11 11:12:30,130 - 11112 - root - INFO - generacion 12 de 20
2020-11-11 11:19:41,595 - 11112 - root - INFO - Inicia busqueda local en la generacion al final de la generacion 12
2020-11-11 11:19:41,595 - 11112 - root - INFO - Entra a bin cont
2020-11-11 11:21:58,646 - 11112 - root - INFO - NO HAY MEJORA EN EL VECINDARIO
2020-11-11 11:21:58,647 - 11112 - root - INFO - generacion 13 de 20
2020-11-11 11:26:40,596 - 11112 - root - INFO - Inicia busqueda local en la generacion al final de la generacion 13
2020-11-11 11:26:40,596 - 11112 - root - INFO - Entra a bin cont
2020-11-11 11:27:34,946 - 11112 - root - INFO - Mejora la solucion con la busqueda local: {'layer_sizes': (7, 72, 94), 'activation': 'identity', 'alpha': 0.01983642578125, 'alpha_bin': array([1, 0, 0, 0, 0, 0, 1, 0, 0, 0, 0, 0, 0, 0, 0]), 'learning_rate_init': 0.1708984375, 'learning_rate_init_bin': array([0, 0, 0, 0, 0, 1, 1, 1, 1, 0, 1, 0, 1, 0, 0]), 'fitness': 0.7836479407319721}
2020-11-11 11:27:34,946 - 11112 - root - INFO - Encuentra mejor solucion en busqueda local
2020-11-11 11:27:34,947 - 11112 - root - INFO - Agrega a la poblacion el mejor individuo de LS
2020-11-11 11:27:34,948 - 11112 - root - INFO - generacion 14 de 20
2020-11-11 11:31:58,047 - 11112 - root - INFO - Inicia busqueda local en la generacion al final de la generacion 14
2020-11-11 11:31:58,047 - 11112 - root - INFO - Entra a bin cont
2020-11-11 11:33:46,499 - 11112 - root - INFO - NO HAY MEJORA EN EL VECINDARIO
2020-11-11 11:33:46,500 - 11112 - root - INFO - generacion 15 de 20
2020-11-11 11:38:53,586 - 11112 - root - INFO - Inicia busqueda local en la generacion al final de la generacion 15
2020-11-11 11:38:53,586 - 11112 - root - INFO - Entra a bin cont
2020-11-11 11:41:16,673 - 11112 - root - INFO - NO HAY MEJORA EN EL VECINDARIO
2020-11-11 11:41:16,674 - 11112 - root - INFO - generacion 16 de 20
2020-11-11 11:45:58,631 - 11112 - root - INFO - Inicia busqueda local en la generacion al final de la generacion 16
2020-11-11 11:45:58,631 - 11112 - root - INFO - Entra a bin cont
2020-11-11 11:48:31,639 - 11112 - root - INFO - NO HAY MEJORA EN EL VECINDARIO
2020-11-11 11:48:31,640 - 11112 - root - INFO - generacion 17 de 20
2020-11-11 11:52:42,083 - 11112 - root - INFO - Inicia busqueda local en la generacion al final de la generacion 17
2020-11-11 11:52:42,083 - 11112 - root - INFO - Entra a bin cont
2020-11-11 11:55:02,791 - 11112 - root - INFO - NO HAY MEJORA EN EL VECINDARIO
2020-11-11 11:55:02,792 - 11112 - root - INFO - generacion 18 de 20
2020-11-11 11:59:30,508 - 11112 - root - INFO - Inicia busqueda local en la generacion al final de la generacion 18
2020-11-11 11:59:30,508 - 11112 - root - INFO - Entra a bin cont
2020-11-11 12:02:05,160 - 11112 - root - INFO - NO HAY MEJORA EN EL VECINDARIO
2020-11-11 12:02:05,161 - 11112 - root - INFO - generacion 19 de 20
2020-11-11 12:06:29,654 - 11112 - root - INFO - Inicia busqueda local en la generacion al final de la generacion 19
2020-11-11 12:06:29,654 - 11112 - root - INFO - Entra a bin cont
2020-11-11 12:08:29,119 - 11112 - root - INFO - NO HAY MEJORA EN EL VECINDARIO
2020-11-11 12:08:35,519 - 11112 - root - INFO - ************************************************************
2020-11-11 12:08:35,519 - 11112 - root - INFO - FIN ALGORITMO GENETICO: tiempo 13044.7331 mins
2020-11-11 12:08:35,519 - 11112 - root - INFO - ************************************************************
2020-11-11 12:08:35,519 - 11112 - root - INFO - La mejor solucion fue
2020-11-11 12:08:35,519 - 11112 - root - INFO - {'layer_sizes': (7, 72, 94), 'activation': 'identity', 'alpha': 0.01983642578125, 'alpha_bin': '[1, 0, 0, 0, 0, 0, 1, 0, 0, 0, 0, 0, 0, 0, 0]', 'learning_rate_init': 0.1708984375, 'learning_rate_init_bin': '[0, 0, 0, 0, 0, 1, 1, 1, 1, 0, 1, 0, 1, 0, 0]', 'fitness': 0.7836479407319721}
2020-11-11 12:20:28,204 - 2204 - root - INFO - ************************************************************
2020-11-11 12:20:28,205 - 2204 - root - INFO - INICIA ALGORITMO GENETICO
2020-11-11 12:20:28,205 - 2204 - root - INFO - ************************************************************
2020-11-11 12:25:44,513 - 2204 - root - INFO - generacion 0 de 20
2020-11-11 12:38:42,141 - 2204 - root - INFO - Inicia busqueda local en la generacion al final de la generacion 0
2020-11-11 12:38:42,141 - 2204 - root - INFO - Entra a bin cont
2020-11-11 12:46:28,300 - 2204 - root - INFO - NO HAY MEJORA EN EL VECINDARIO
2020-11-11 12:46:28,301 - 2204 - root - INFO - generacion 1 de 20
2020-11-11 13:00:46,635 - 2204 - root - INFO - Inicia busqueda local en la generacion al final de la generacion 1
2020-11-11 13:00:46,635 - 2204 - root - INFO - Entra a bin cont
2020-11-11 13:08:41,588 - 2204 - root - INFO - NO HAY MEJORA EN EL VECINDARIO
2020-11-11 13:08:41,589 - 2204 - root - INFO - generacion 2 de 20
2020-11-11 13:22:42,038 - 2204 - root - INFO - Inicia busqueda local en la generacion al final de la generacion 2
2020-11-11 13:22:42,038 - 2204 - root - INFO - Entra a bin cont
2020-11-11 13:25:31,456 - 2204 - root - INFO - NO HAY MEJORA EN EL VECINDARIO
2020-11-11 13:25:31,457 - 2204 - root - INFO - generacion 3 de 20
2020-11-11 13:38:31,459 - 2204 - root - INFO - Inicia busqueda local en la generacion al final de la generacion 3
2020-11-11 13:38:31,459 - 2204 - root - INFO - Entra a bin cont
2020-11-11 13:42:27,065 - 2204 - root - INFO - NO HAY MEJORA EN EL VECINDARIO
2020-11-11 13:42:27,066 - 2204 - root - INFO - generacion 4 de 20
2020-11-11 13:56:55,570 - 2204 - root - INFO - Inicia busqueda local en la generacion al final de la generacion 4
2020-11-11 13:56:55,570 - 2204 - root - INFO - Entra a bin cont
2020-11-11 13:59:27,702 - 2204 - root - INFO - NO HAY MEJORA EN EL VECINDARIO
2020-11-11 13:59:27,703 - 2204 - root - INFO - generacion 5 de 20
2020-11-11 14:13:13,006 - 2204 - root - INFO - Inicia busqueda local en la generacion al final de la generacion 5
2020-11-11 14:13:13,006 - 2204 - root - INFO - Entra a bin cont
2020-11-11 14:15:53,135 - 2204 - root - INFO - NO HAY MEJORA EN EL VECINDARIO
2020-11-11 14:15:53,136 - 2204 - root - INFO - generacion 6 de 20
2020-11-11 14:30:22,569 - 2204 - root - INFO - Inicia busqueda local en la generacion al final de la generacion 6
2020-11-11 14:30:22,569 - 2204 - root - INFO - Entra a bin cont
2020-11-11 14:32:58,627 - 2204 - root - INFO - NO HAY MEJORA EN EL VECINDARIO
2020-11-11 14:32:58,628 - 2204 - root - INFO - generacion 7 de 20
2020-11-11 14:45:59,647 - 2204 - root - INFO - Inicia busqueda local en la generacion al final de la generacion 7
2020-11-11 14:45:59,647 - 2204 - root - INFO - Entra a bin cont
2020-11-11 14:48:40,440 - 2204 - root - INFO - NO HAY MEJORA EN EL VECINDARIO
2020-11-11 14:48:40,442 - 2204 - root - INFO - generacion 8 de 20
2020-11-11 15:00:01,685 - 2204 - root - INFO - Inicia busqueda local en la generacion al final de la generacion 8
2020-11-11 15:00:01,685 - 2204 - root - INFO - Entra a bin cont
2020-11-11 15:03:22,858 - 2204 - root - INFO - NO HAY MEJORA EN EL VECINDARIO
2020-11-11 15:03:22,859 - 2204 - root - INFO - generacion 9 de 20
2020-11-11 15:15:43,171 - 2204 - root - INFO - Inicia busqueda local en la generacion al final de la generacion 9
2020-11-11 15:15:43,171 - 2204 - root - INFO - Entra a bin cont
2020-11-11 15:18:31,474 - 2204 - root - INFO - NO HAY MEJORA EN EL VECINDARIO
2020-11-11 15:18:31,475 - 2204 - root - INFO - generacion 10 de 20
2020-11-11 15:28:58,410 - 2204 - root - INFO - Inicia busqueda local en la generacion al final de la generacion 10
2020-11-11 15:28:58,410 - 2204 - root - INFO - Entra a bin cont
2020-11-11 15:31:55,609 - 2204 - root - INFO - NO HAY MEJORA EN EL VECINDARIO
2020-11-11 15:31:55,610 - 2204 - root - INFO - generacion 11 de 20
2020-11-11 15:39:50,866 - 2204 - root - INFO - Inicia busqueda local en la generacion al final de la generacion 11
2020-11-11 15:39:50,866 - 2204 - root - INFO - Entra a bin cont
2020-11-11 15:42:41,761 - 2204 - root - INFO - NO HAY MEJORA EN EL VECINDARIO
2020-11-11 15:42:41,762 - 2204 - root - INFO - generacion 12 de 20
2020-11-11 15:48:20,063 - 2204 - root - INFO - Inicia busqueda local en la generacion al final de la generacion 12
2020-11-11 15:48:20,063 - 2204 - root - INFO - Entra a bin cont
2020-11-11 15:51:15,397 - 2204 - root - INFO - NO HAY MEJORA EN EL VECINDARIO
2020-11-11 15:51:15,398 - 2204 - root - INFO - generacion 13 de 20
2020-11-11 15:56:57,733 - 2204 - root - INFO - Inicia busqueda local en la generacion al final de la generacion 13
2020-11-11 15:56:57,733 - 2204 - root - INFO - Entra a bin cont
2020-11-11 15:59:52,819 - 2204 - root - INFO - NO HAY MEJORA EN EL VECINDARIO
2020-11-11 15:59:52,820 - 2204 - root - INFO - generacion 14 de 20
2020-11-11 16:06:01,099 - 2204 - root - INFO - Inicia busqueda local en la generacion al final de la generacion 14
2020-11-11 16:06:01,100 - 2204 - root - INFO - Entra a bin cont
2020-11-11 16:08:59,512 - 2204 - root - INFO - NO HAY MEJORA EN EL VECINDARIO
2020-11-11 16:08:59,513 - 2204 - root - INFO - generacion 15 de 20
2020-11-11 16:16:24,344 - 2204 - root - INFO - Inicia busqueda local en la generacion al final de la generacion 15
2020-11-11 16:16:24,345 - 2204 - root - INFO - Entra a bin cont
2020-11-11 16:20:14,412 - 2204 - root - INFO - NO HAY MEJORA EN EL VECINDARIO
2020-11-11 16:20:14,414 - 2204 - root - INFO - generacion 16 de 20
2020-11-11 16:27:01,813 - 2204 - root - INFO - Inicia busqueda local en la generacion al final de la generacion 16
2020-11-11 16:27:01,813 - 2204 - root - INFO - Entra a bin cont
2020-11-11 16:29:55,323 - 2204 - root - INFO - NO HAY MEJORA EN EL VECINDARIO
2020-11-11 16:29:55,324 - 2204 - root - INFO - generacion 17 de 20
2020-11-11 16:35:12,654 - 2204 - root - INFO - Inicia busqueda local en la generacion al final de la generacion 17
2020-11-11 16:35:12,655 - 2204 - root - INFO - Entra a bin cont
2020-11-11 16:38:34,594 - 2204 - root - INFO - NO HAY MEJORA EN EL VECINDARIO
2020-11-11 16:38:34,595 - 2204 - root - INFO - generacion 18 de 20
2020-11-11 16:43:58,260 - 2204 - root - INFO - Inicia busqueda local en la generacion al final de la generacion 18
2020-11-11 16:43:58,260 - 2204 - root - INFO - Entra a bin cont
2020-11-11 16:46:31,895 - 2204 - root - INFO - NO HAY MEJORA EN EL VECINDARIO
2020-11-11 16:46:31,896 - 2204 - root - INFO - generacion 19 de 20
2020-11-11 16:52:08,067 - 2204 - root - INFO - Inicia busqueda local en la generacion al final de la generacion 19
2020-11-11 16:52:08,068 - 2204 - root - INFO - Entra a bin cont
2020-11-11 16:55:17,779 - 2204 - root - INFO - NO HAY MEJORA EN EL VECINDARIO
2020-11-11 16:55:22,979 - 2204 - root - INFO - ************************************************************
2020-11-11 16:55:22,979 - 2204 - root - INFO - FIN ALGORITMO GENETICO: tiempo 16494.7491 mins
2020-11-11 16:55:22,979 - 2204 - root - INFO - ************************************************************
2020-11-11 16:55:22,979 - 2204 - root - INFO - La mejor solucion fue
2020-11-11 16:55:22,979 - 2204 - root - INFO - {'layer_sizes': (9, 50, 18), 'activation': 'identity', 'alpha': 0.00592041015625, 'alpha_bin': '[0, 1, 0, 0, 0, 0, 1, 1, 0, 0, 0, 0, 0, 0, 0]', 'learning_rate_init': 1.246337890625, 'learning_rate_init_bin': '[0, 0, 1, 0, 1, 1, 1, 1, 1, 1, 1, 1, 0, 0, 0]', 'fitness': 0.7829022091602195}
2020-11-11 18:59:48,339 - 3760 - root - INFO - ************************************************************
2020-11-11 18:59:48,340 - 3760 - root - INFO - INICIA ALGORITMO GENETICO
2020-11-11 18:59:48,340 - 3760 - root - INFO - ************************************************************
2020-11-11 19:06:15,578 - 3760 - root - INFO - generacion 0 de 20
2020-11-11 19:11:21,282 - 3760 - root - INFO - Inicia busqueda local en la generacion al final de la generacion 0
2020-11-11 19:12:11,010 - 3760 - root - INFO - Mejora la solucion con la busqueda local: {'layer_sizes': (64,), 'activation': 'logistic', 'alpha': 0.5000950000000001, 'learning_rate_init': 0.001, 'fitness': 0.7807811401518505}
2020-11-11 19:12:11,010 - 3760 - root - INFO - Encuentra mejor solucion en busqueda local
2020-11-11 19:12:11,010 - 3760 - root - INFO - Agrega a la poblacion el mejor individuo de LS
2020-11-11 19:12:11,012 - 3760 - root - INFO - generacion 1 de 20
2020-11-11 19:19:48,265 - 3760 - root - INFO - Inicia busqueda local en la generacion al final de la generacion 1
2020-11-11 19:25:43,266 - 3760 - root - INFO - Mejora la solucion con la busqueda local: {'layer_sizes': (42, 114, 62), 'activation': 'identity', 'alpha': 0.0001, 'learning_rate_init': 0.001, 'fitness': 0.7814658127356289}
2020-11-11 19:25:43,266 - 3760 - root - INFO - Encuentra mejor solucion en busqueda local
2020-11-11 19:25:43,267 - 3760 - root - INFO - Agrega a la poblacion el mejor individuo de LS
2020-11-11 19:25:43,268 - 3760 - root - INFO - generacion 2 de 20
2020-11-11 19:33:13,672 - 3760 - root - INFO - Inicia busqueda local en la generacion al final de la generacion 2
2020-11-11 19:35:05,498 - 3760 - root - INFO - Mejora la solucion con la busqueda local: {'layer_sizes': (42, 114, 62), 'activation': 'identity', 'alpha': 0.5000950000000001, 'learning_rate_init': 0.001, 'fitness': 0.7818866021060699}
2020-11-11 19:35:05,498 - 3760 - root - INFO - Encuentra mejor solucion en busqueda local
2020-11-11 19:35:05,498 - 3760 - root - INFO - Agrega a la poblacion el mejor individuo de LS
2020-11-11 19:35:05,500 - 3760 - root - INFO - generacion 3 de 20
2020-11-11 19:44:28,009 - 3760 - root - INFO - Inicia busqueda local en la generacion al final de la generacion 3
2020-11-11 19:47:40,491 - 3760 - root - INFO - Mejora la solucion con la busqueda local: {'layer_sizes': (42, 114, 62), 'activation': 'identity', 'alpha': 0.0001, 'learning_rate_init': 0.15085, 'fitness': 0.7822107090802515}
2020-11-11 19:47:40,491 - 3760 - root - INFO - Encuentra mejor solucion en busqueda local
2020-11-11 19:47:40,492 - 3760 - root - INFO - Agrega a la poblacion el mejor individuo de LS
2020-11-11 19:47:40,493 - 3760 - root - INFO - generacion 4 de 20
2020-11-11 19:57:15,224 - 3760 - root - INFO - Inicia busqueda local en la generacion al final de la generacion 4
2020-11-11 20:00:07,049 - 3760 - root - INFO - NO HAY MEJORA EN EL VECINDARIO
2020-11-11 20:00:07,050 - 3760 - root - INFO - generacion 5 de 20
2020-11-11 20:10:07,657 - 3760 - root - INFO - Inicia busqueda local en la generacion al final de la generacion 5
2020-11-11 20:12:58,635 - 3760 - root - INFO - NO HAY MEJORA EN EL VECINDARIO
2020-11-11 20:12:58,636 - 3760 - root - INFO - generacion 6 de 20
2020-11-11 20:24:42,961 - 3760 - root - INFO - Inicia busqueda local en la generacion al final de la generacion 6
2020-11-11 20:28:14,076 - 3760 - root - INFO - NO HAY MEJORA EN EL VECINDARIO
2020-11-11 20:28:14,078 - 3760 - root - INFO - generacion 7 de 20
2020-11-11 20:40:20,839 - 3760 - root - INFO - Inicia busqueda local en la generacion al final de la generacion 7
2020-11-11 20:43:49,405 - 3760 - root - INFO - NO HAY MEJORA EN EL VECINDARIO
2020-11-11 20:43:49,406 - 3760 - root - INFO - generacion 8 de 20
2020-11-11 20:56:54,430 - 3760 - root - INFO - Inicia busqueda local en la generacion al final de la generacion 8
2020-11-11 21:00:20,547 - 3760 - root - INFO - NO HAY MEJORA EN EL VECINDARIO
2020-11-11 21:00:20,549 - 3760 - root - INFO - generacion 9 de 20
2020-11-11 21:13:16,127 - 3760 - root - INFO - Inicia busqueda local en la generacion al final de la generacion 9
2020-11-11 21:16:48,460 - 3760 - root - INFO - NO HAY MEJORA EN EL VECINDARIO
2020-11-11 21:16:48,461 - 3760 - root - INFO - generacion 10 de 20
2020-11-11 21:29:59,662 - 3760 - root - INFO - Inicia busqueda local en la generacion al final de la generacion 10
2020-11-11 21:33:31,995 - 3760 - root - INFO - NO HAY MEJORA EN EL VECINDARIO
2020-11-11 21:33:31,996 - 3760 - root - INFO - generacion 11 de 20
2020-11-11 21:46:27,709 - 3760 - root - INFO - Inicia busqueda local en la generacion al final de la generacion 11
