2020-11-08 10:37:04,393 - 28404 - root - INFO - INICIA ALGORITMO GENETICO
2020-11-08 10:37:04,393 - 28404 - root - INFO - ************************************************************
2020-11-08 10:37:04,393 - 28404 - root - INFO - ************************************************************
2020-11-08 10:41:45,724 - 28404 - root - INFO - generacion 0 de 20
2020-11-08 10:53:12,483 - 28404 - root - INFO - Inicia busqueda local en la generacion al final de la generacion 0
2020-11-08 10:53:12,484 - 28404 - root - INFO - Entra a bin cont
2020-11-08 10:55:41,811 - 28404 - root - INFO - NO HAY MEJORA EN EL VECINDARIO
2020-11-08 10:55:41,812 - 28404 - root - INFO - generacion 1 de 20
2020-11-08 11:09:02,395 - 28404 - root - INFO - Inicia busqueda local en la generacion al final de la generacion 1
2020-11-08 11:09:02,396 - 28404 - root - INFO - Entra a bin cont
2020-11-08 11:11:40,323 - 28404 - root - INFO - NO HAY MEJORA EN EL VECINDARIO
2020-11-08 11:11:40,323 - 28404 - root - INFO - generacion 2 de 20
2020-11-08 11:26:58,110 - 28404 - root - INFO - Inicia busqueda local en la generacion al final de la generacion 2
2020-11-08 11:26:58,110 - 28404 - root - INFO - Entra a bin cont
2020-11-08 11:29:40,040 - 28404 - root - INFO - NO HAY MEJORA EN EL VECINDARIO
2020-11-08 11:29:40,041 - 28404 - root - INFO - generacion 3 de 20
2020-11-08 11:43:42,245 - 28404 - root - INFO - Inicia busqueda local en la generacion al final de la generacion 3
2020-11-08 11:43:42,245 - 28404 - root - INFO - Entra a bin cont
2020-11-08 11:45:29,735 - 28404 - root - INFO - NO HAY MEJORA EN EL VECINDARIO
2020-11-08 11:45:29,736 - 28404 - root - INFO - generacion 4 de 20
2020-11-08 11:54:50,519 - 28404 - root - INFO - Inicia busqueda local en la generacion al final de la generacion 4
2020-11-08 11:54:50,519 - 28404 - root - INFO - Entra a bin cont
2020-11-08 11:56:26,926 - 28404 - root - INFO - NO HAY MEJORA EN EL VECINDARIO
2020-11-08 11:56:26,927 - 28404 - root - INFO - generacion 5 de 20
2020-11-08 12:05:50,759 - 28404 - root - INFO - Inicia busqueda local en la generacion al final de la generacion 5
2020-11-08 12:05:50,759 - 28404 - root - INFO - Entra a bin cont
2020-11-08 12:08:08,232 - 28404 - root - INFO - NO HAY MEJORA EN EL VECINDARIO
2020-11-08 12:08:08,233 - 28404 - root - INFO - generacion 6 de 20
2020-11-08 12:15:05,767 - 28404 - root - INFO - Inicia busqueda local en la generacion al final de la generacion 6
2020-11-08 12:15:05,767 - 28404 - root - INFO - Entra a bin cont
2020-11-08 12:16:32,273 - 28404 - root - INFO - NO HAY MEJORA EN EL VECINDARIO
2020-11-08 12:16:32,274 - 28404 - root - INFO - generacion 7 de 20
2020-11-08 12:26:03,135 - 28404 - root - INFO - Inicia busqueda local en la generacion al final de la generacion 7
2020-11-08 12:26:03,135 - 28404 - root - INFO - Entra a bin cont
2020-11-08 12:27:37,972 - 28404 - root - INFO - NO HAY MEJORA EN EL VECINDARIO
2020-11-08 12:27:37,973 - 28404 - root - INFO - generacion 8 de 20
2020-11-08 12:36:45,869 - 28404 - root - INFO - Inicia busqueda local en la generacion al final de la generacion 8
2020-11-08 12:36:45,869 - 28404 - root - INFO - Entra a bin cont
2020-11-08 12:38:34,662 - 28404 - root - INFO - NO HAY MEJORA EN EL VECINDARIO
2020-11-08 12:38:34,663 - 28404 - root - INFO - generacion 9 de 20
2020-11-08 12:47:56,029 - 28404 - root - INFO - Inicia busqueda local en la generacion al final de la generacion 9
2020-11-08 12:47:56,029 - 28404 - root - INFO - Entra a bin cont
2020-11-08 12:49:53,042 - 28404 - root - INFO - NO HAY MEJORA EN EL VECINDARIO
2020-11-08 12:49:53,043 - 28404 - root - INFO - generacion 10 de 20
2020-11-08 12:58:14,322 - 28404 - root - INFO - Inicia busqueda local en la generacion al final de la generacion 10
2020-11-08 12:58:14,322 - 28404 - root - INFO - Entra a bin cont
2020-11-08 13:00:01,991 - 28404 - root - INFO - NO HAY MEJORA EN EL VECINDARIO
2020-11-08 13:00:01,993 - 28404 - root - INFO - generacion 11 de 20
2020-11-08 13:05:19,109 - 28404 - root - INFO - Inicia busqueda local en la generacion al final de la generacion 11
2020-11-08 13:05:19,109 - 28404 - root - INFO - Entra a bin cont
2020-11-08 13:05:56,341 - 28404 - root - INFO - Mejora la solucion con la busqueda local: {'layer_sizes': (7, 72, 94), 'activation': 'identity', 'alpha': 0.02044677734375, 'alpha_bin': array([1, 1, 0, 0, 0, 0, 1, 0, 0, 0, 0, 0, 0, 0, 0]), 'learning_rate_init': 0.1630859375, 'learning_rate_init_bin': array([0, 0, 0, 0, 0, 1, 1, 1, 0, 0, 1, 0, 1, 0, 0]), 'fitness': 0.783549102284284}
2020-11-08 13:05:56,342 - 28404 - root - INFO - Encuentra mejor solucion en busqueda local
2020-11-08 13:05:56,342 - 28404 - root - INFO - Agrega a la poblacion el mejor individuo de LS
2020-11-08 13:05:56,343 - 28404 - root - INFO - generacion 12 de 20
2020-11-08 13:11:52,433 - 28404 - root - INFO - Inicia busqueda local en la generacion al final de la generacion 12
2020-11-08 13:11:52,433 - 28404 - root - INFO - Entra a bin cont
2020-11-08 13:13:52,745 - 28404 - root - INFO - NO HAY MEJORA EN EL VECINDARIO
2020-11-08 13:13:52,746 - 28404 - root - INFO - generacion 13 de 20
2020-11-08 13:18:23,507 - 28404 - root - INFO - Inicia busqueda local en la generacion al final de la generacion 13
2020-11-08 13:18:23,508 - 28404 - root - INFO - Entra a bin cont
2020-11-08 13:19:11,249 - 28404 - root - INFO - Mejora la solucion con la busqueda local: {'layer_sizes': (7, 72, 94), 'activation': 'identity', 'alpha': 0.01983642578125, 'alpha_bin': array([1, 0, 0, 0, 0, 0, 1, 0, 0, 0, 0, 0, 0, 0, 0]), 'learning_rate_init': 0.1708984375, 'learning_rate_init_bin': array([0, 0, 0, 0, 0, 1, 1, 1, 1, 0, 1, 0, 1, 0, 0]), 'fitness': 0.7836479407319721}
2020-11-08 13:19:11,249 - 28404 - root - INFO - Encuentra mejor solucion en busqueda local
2020-11-08 13:19:11,250 - 28404 - root - INFO - Agrega a la poblacion el mejor individuo de LS
2020-11-08 13:19:11,251 - 28404 - root - INFO - generacion 14 de 20
2020-11-08 13:22:57,353 - 28404 - root - INFO - Inicia busqueda local en la generacion al final de la generacion 14
2020-11-08 13:22:57,353 - 28404 - root - INFO - Entra a bin cont
2020-11-08 13:24:32,571 - 28404 - root - INFO - NO HAY MEJORA EN EL VECINDARIO
2020-11-08 13:24:32,572 - 28404 - root - INFO - generacion 15 de 20
2020-11-08 13:29:05,462 - 28404 - root - INFO - Inicia busqueda local en la generacion al final de la generacion 15
2020-11-08 13:29:05,462 - 28404 - root - INFO - Entra a bin cont
2020-11-08 13:31:11,251 - 28404 - root - INFO - NO HAY MEJORA EN EL VECINDARIO
2020-11-08 13:31:11,252 - 28404 - root - INFO - generacion 16 de 20
2020-11-08 13:35:31,167 - 28404 - root - INFO - Inicia busqueda local en la generacion al final de la generacion 16
2020-11-08 13:35:31,167 - 28404 - root - INFO - Entra a bin cont
2020-11-08 13:37:45,201 - 28404 - root - INFO - NO HAY MEJORA EN EL VECINDARIO
2020-11-08 13:37:45,202 - 28404 - root - INFO - generacion 17 de 20
2020-11-08 13:42:00,386 - 28404 - root - INFO - Inicia busqueda local en la generacion al final de la generacion 17
2020-11-08 13:42:00,386 - 28404 - root - INFO - Entra a bin cont
2020-11-08 13:44:03,455 - 28404 - root - INFO - NO HAY MEJORA EN EL VECINDARIO
2020-11-08 13:44:03,456 - 28404 - root - INFO - generacion 18 de 20
2020-11-08 13:48:59,031 - 28404 - root - INFO - Inicia busqueda local en la generacion al final de la generacion 18
2020-11-08 13:48:59,031 - 28404 - root - INFO - Entra a bin cont
2020-11-08 13:51:13,310 - 28404 - root - INFO - NO HAY MEJORA EN EL VECINDARIO
2020-11-08 13:51:13,311 - 28404 - root - INFO - generacion 19 de 20
2020-11-08 13:55:06,712 - 28404 - root - INFO - Inicia busqueda local en la generacion al final de la generacion 19
2020-11-08 13:55:06,712 - 28404 - root - INFO - Entra a bin cont
2020-11-08 13:56:51,765 - 28404 - root - INFO - NO HAY MEJORA EN EL VECINDARIO
2020-11-08 13:56:57,150 - 28404 - root - INFO - ************************************************************
2020-11-08 13:56:57,150 - 28404 - root - INFO - FIN ALGORITMO GENETICO: tiempo 11992.7393 mins
2020-11-08 13:56:57,150 - 28404 - root - INFO - ************************************************************
2020-11-08 13:56:57,150 - 28404 - root - INFO - La mejor solucion fue
2020-11-08 13:56:57,150 - 28404 - root - INFO - {'layer_sizes': (7, 72, 94), 'activation': 'identity', 'alpha': 0.01983642578125, 'alpha_bin': '[1, 0, 0, 0, 0, 0, 1, 0, 0, 0, 0, 0, 0, 0, 0]', 'learning_rate_init': 0.1708984375, 'learning_rate_init_bin': '[0, 0, 0, 0, 0, 1, 1, 1, 1, 0, 1, 0, 1, 0, 0]', 'fitness': 0.7836479407319721}
