2020-11-10 20:20:02,538 - 7048 - root - INFO - ************************************************************
2020-11-10 20:20:02,539 - 7048 - root - INFO - INICIA ALGORITMO GENETICO
2020-11-10 20:20:02,539 - 7048 - root - INFO - ************************************************************
2020-11-10 20:42:00,810 - 7048 - root - INFO - generacion 0 de 20
2020-11-10 21:00:29,996 - 7048 - root - INFO - Inicia busqueda exahustiva en la generacion al final de la generacion 0
2020-11-10 21:00:29,996 - 7048 - root - INFO - Inicia busqueda exahustiva
2020-11-10 21:03:40,439 - 7048 - root - INFO - Mejora la solucion con la busqueda exahustiva: {'layer_sizes': (64,), 'activation': 'relu', 'alpha': 0.6403525606738166, 'learning_rate_init': 0.022013225747051824, 'fitness': 0.7802657758768613}
2020-11-10 21:04:20,654 - 7048 - root - INFO - Encuentra mejor solucion en busqueda exahustiva
2020-11-10 21:04:20,654 - 7048 - root - INFO - Agrega a la poblacion el mejor individuo de la BH
2020-11-10 21:04:20,657 - 7048 - root - INFO - generacion 1 de 20
2020-11-10 21:19:14,013 - 7048 - root - INFO - Inicia busqueda exahustiva en la generacion al final de la generacion 1
2020-11-10 21:19:14,014 - 7048 - root - INFO - Inicia busqueda exahustiva
2020-11-10 21:22:27,473 - 7048 - root - INFO - generacion 2 de 20
2020-11-10 21:32:25,697 - 7048 - root - INFO - Inicia busqueda exahustiva en la generacion al final de la generacion 2
2020-11-10 21:32:25,697 - 7048 - root - INFO - Inicia busqueda exahustiva
2020-11-10 21:34:03,918 - 7048 - root - INFO - generacion 3 de 20
2020-11-10 21:44:16,800 - 7048 - root - INFO - Inicia busqueda exahustiva en la generacion al final de la generacion 3
2020-11-10 21:44:16,800 - 7048 - root - INFO - Inicia busqueda exahustiva
2020-11-10 21:45:55,520 - 7048 - root - INFO - generacion 4 de 20
2020-11-10 21:56:08,246 - 7048 - root - INFO - Inicia busqueda exahustiva en la generacion al final de la generacion 4
2020-11-10 21:56:08,247 - 7048 - root - INFO - Inicia busqueda exahustiva
2020-11-10 21:57:46,151 - 7048 - root - INFO - generacion 5 de 20
2020-11-10 22:06:14,212 - 7048 - root - INFO - Inicia busqueda exahustiva en la generacion al final de la generacion 5
2020-11-10 22:06:14,212 - 7048 - root - INFO - Inicia busqueda exahustiva
2020-11-10 22:07:54,993 - 7048 - root - INFO - generacion 6 de 20
2020-11-10 22:15:36,636 - 7048 - root - INFO - Inicia busqueda exahustiva en la generacion al final de la generacion 6
2020-11-10 22:15:36,637 - 7048 - root - INFO - Inicia busqueda exahustiva
2020-11-10 22:17:13,830 - 7048 - root - INFO - generacion 7 de 20
2020-11-10 22:26:28,219 - 7048 - root - INFO - Inicia busqueda exahustiva en la generacion al final de la generacion 7
2020-11-10 22:26:28,219 - 7048 - root - INFO - Inicia busqueda exahustiva
2020-11-10 22:28:06,154 - 7048 - root - INFO - generacion 8 de 20
2020-11-10 22:34:05,978 - 7048 - root - INFO - Inicia busqueda exahustiva en la generacion al final de la generacion 8
2020-11-10 22:34:05,978 - 7048 - root - INFO - Inicia busqueda exahustiva
2020-11-10 22:35:43,336 - 7048 - root - INFO - generacion 9 de 20
2020-11-10 22:41:20,081 - 7048 - root - INFO - Inicia busqueda exahustiva en la generacion al final de la generacion 9
2020-11-10 22:41:20,081 - 7048 - root - INFO - Inicia busqueda exahustiva
2020-11-10 22:42:57,097 - 7048 - root - INFO - generacion 10 de 20
2020-11-10 22:47:28,882 - 7048 - root - INFO - Inicia busqueda exahustiva en la generacion al final de la generacion 10
2020-11-10 22:47:28,882 - 7048 - root - INFO - Inicia busqueda exahustiva
2020-11-10 22:49:05,948 - 7048 - root - INFO - generacion 11 de 20
2020-11-10 22:54:18,100 - 7048 - root - INFO - Inicia busqueda exahustiva en la generacion al final de la generacion 11
2020-11-10 22:54:18,100 - 7048 - root - INFO - Inicia busqueda exahustiva
2020-11-10 22:55:54,758 - 7048 - root - INFO - generacion 12 de 20
2020-11-10 23:01:49,195 - 7048 - root - INFO - Inicia busqueda exahustiva en la generacion al final de la generacion 12
2020-11-10 23:01:49,196 - 7048 - root - INFO - Inicia busqueda exahustiva
2020-11-10 23:03:26,076 - 7048 - root - INFO - generacion 13 de 20
2020-11-10 23:09:14,490 - 7048 - root - INFO - Inicia busqueda exahustiva en la generacion al final de la generacion 13
2020-11-10 23:09:14,490 - 7048 - root - INFO - Inicia busqueda exahustiva
2020-11-10 23:10:52,217 - 7048 - root - INFO - generacion 14 de 20
2020-11-10 23:16:56,865 - 7048 - root - INFO - Inicia busqueda exahustiva en la generacion al final de la generacion 14
2020-11-10 23:16:56,865 - 7048 - root - INFO - Inicia busqueda exahustiva
2020-11-10 23:18:34,121 - 7048 - root - INFO - generacion 15 de 20
2020-11-10 23:24:37,051 - 7048 - root - INFO - Inicia busqueda exahustiva en la generacion al final de la generacion 15
2020-11-10 23:24:37,051 - 7048 - root - INFO - Inicia busqueda exahustiva
2020-11-10 23:26:20,032 - 7048 - root - INFO - generacion 16 de 20
2020-11-10 23:32:04,953 - 7048 - root - INFO - Inicia busqueda exahustiva en la generacion al final de la generacion 16
2020-11-10 23:32:04,953 - 7048 - root - INFO - Inicia busqueda exahustiva
2020-11-10 23:33:42,888 - 7048 - root - INFO - generacion 17 de 20
2020-11-10 23:40:09,616 - 7048 - root - INFO - Inicia busqueda exahustiva en la generacion al final de la generacion 17
2020-11-10 23:40:09,616 - 7048 - root - INFO - Inicia busqueda exahustiva
2020-11-10 23:41:47,053 - 7048 - root - INFO - generacion 18 de 20
2020-11-10 23:48:41,821 - 7048 - root - INFO - Inicia busqueda exahustiva en la generacion al final de la generacion 18
2020-11-10 23:48:41,821 - 7048 - root - INFO - Inicia busqueda exahustiva
2020-11-10 23:50:27,905 - 7048 - root - INFO - generacion 19 de 20
2020-11-10 23:58:38,490 - 7048 - root - INFO - Inicia busqueda exahustiva en la generacion al final de la generacion 19
2020-11-10 23:58:38,490 - 7048 - root - INFO - Inicia busqueda exahustiva
2020-11-11 00:00:21,493 - 7048 - root - INFO - ************************************************************
2020-11-11 00:00:21,493 - 7048 - root - INFO - FIN ALGORITMO GENETICO: tiempo 13218.9156 mins
2020-11-11 00:00:21,493 - 7048 - root - INFO - ************************************************************
2020-11-11 00:00:21,493 - 7048 - root - INFO - La mejor solucion fue
2020-11-11 00:00:21,493 - 7048 - root - INFO - {'layer_sizes': (19, 114, 110), 'activation': 'identity', 'alpha': 1.2774084876949148, 'learning_rate_init': 0.022013225747051824, 'fitness': 0.7840247835586587, 'alpha_bin': '[]', 'learning_rate_init_bin': '[]'}
