2020-11-07 16:29:20,472 - 21732 - root - INFO - ************************************************************
2020-11-07 16:29:20,472 - 21732 - root - INFO - INICIA ALGORITMO GENETICO
2020-11-07 16:29:20,472 - 21732 - root - INFO - ************************************************************
2020-11-07 16:35:17,267 - 21732 - root - INFO - generacion 0 de 20
2020-11-07 16:40:25,550 - 21732 - root - INFO - Inicia busqueda local en la generacion al final de la generacion 0
2020-11-07 16:41:16,184 - 21732 - root - INFO - Mejora la solucion con la busqueda local: {'layer_sizes': (64,), 'activation': 'logistic', 'alpha': 0.5000950000000001, 'learning_rate_init': 0.001, 'fitness': 0.7807811401518505}
2020-11-07 16:41:16,185 - 21732 - root - INFO - Encuentra mejor solucion en busqueda local
2020-11-07 16:41:16,185 - 21732 - root - INFO - Agrega a la poblacion el mejor individuo de LS
2020-11-07 16:41:16,186 - 21732 - root - INFO - generacion 1 de 20
2020-11-07 16:49:21,331 - 21732 - root - INFO - Inicia busqueda local en la generacion al final de la generacion 1
2020-11-07 16:52:19,022 - 21732 - root - INFO - Mejora la solucion con la busqueda local: {'layer_sizes': (64, 24, 98), 'activation': 'identity', 'alpha': 0.0001, 'learning_rate_init': 0.2008, 'fitness': 0.7831751827525519}
2020-11-07 16:52:19,023 - 21732 - root - INFO - Encuentra mejor solucion en busqueda local
2020-11-07 16:52:19,023 - 21732 - root - INFO - Agrega a la poblacion el mejor individuo de LS
2020-11-07 16:52:19,024 - 21732 - root - INFO - generacion 2 de 20
2020-11-07 17:01:33,233 - 21732 - root - INFO - Inicia busqueda local en la generacion al final de la generacion 2
2020-11-07 17:04:08,366 - 21732 - root - INFO - NO HAY MEJORA EN EL VECINDARIO
2020-11-07 17:04:08,367 - 21732 - root - INFO - generacion 3 de 20
2020-11-07 17:13:19,224 - 21732 - root - INFO - Inicia busqueda local en la generacion al final de la generacion 3
2020-11-07 17:15:52,815 - 21732 - root - INFO - NO HAY MEJORA EN EL VECINDARIO
2020-11-07 17:15:52,816 - 21732 - root - INFO - generacion 4 de 20
2020-11-07 17:27:04,921 - 21732 - root - INFO - Inicia busqueda local en la generacion al final de la generacion 4
2020-11-07 17:29:38,761 - 21732 - root - INFO - NO HAY MEJORA EN EL VECINDARIO
2020-11-07 17:29:38,762 - 21732 - root - INFO - generacion 5 de 20
2020-11-07 17:43:44,079 - 21732 - root - INFO - Inicia busqueda local en la generacion al final de la generacion 5
2020-11-07 17:46:18,948 - 21732 - root - INFO - NO HAY MEJORA EN EL VECINDARIO
2020-11-07 17:46:18,949 - 21732 - root - INFO - generacion 6 de 20
2020-11-07 17:57:22,871 - 21732 - root - INFO - Inicia busqueda local en la generacion al final de la generacion 6
2020-11-07 17:59:56,671 - 21732 - root - INFO - NO HAY MEJORA EN EL VECINDARIO
2020-11-07 17:59:56,672 - 21732 - root - INFO - generacion 7 de 20
2020-11-07 18:09:43,819 - 21732 - root - INFO - Inicia busqueda local en la generacion al final de la generacion 7
2020-11-07 18:12:18,884 - 21732 - root - INFO - NO HAY MEJORA EN EL VECINDARIO
2020-11-07 18:12:18,885 - 21732 - root - INFO - generacion 8 de 20
2020-11-07 18:21:50,184 - 21732 - root - INFO - Inicia busqueda local en la generacion al final de la generacion 8
2020-11-07 18:24:23,564 - 21732 - root - INFO - NO HAY MEJORA EN EL VECINDARIO
2020-11-07 18:24:23,565 - 21732 - root - INFO - generacion 9 de 20
2020-11-07 18:32:37,326 - 21732 - root - INFO - Inicia busqueda local en la generacion al final de la generacion 9
2020-11-07 18:35:12,254 - 21732 - root - INFO - NO HAY MEJORA EN EL VECINDARIO
2020-11-07 18:35:12,255 - 21732 - root - INFO - generacion 10 de 20
2020-11-07 18:42:28,612 - 21732 - root - INFO - Inicia busqueda local en la generacion al final de la generacion 10
2020-11-07 18:44:59,489 - 21732 - root - INFO - NO HAY MEJORA EN EL VECINDARIO
2020-11-07 18:44:59,490 - 21732 - root - INFO - generacion 11 de 20
2020-11-07 18:52:12,393 - 21732 - root - INFO - Inicia busqueda local en la generacion al final de la generacion 11
2020-11-07 18:54:43,615 - 21732 - root - INFO - NO HAY MEJORA EN EL VECINDARIO
2020-11-07 18:54:43,616 - 21732 - root - INFO - generacion 12 de 20
2020-11-07 18:59:38,081 - 21732 - root - INFO - Inicia busqueda local en la generacion al final de la generacion 12
2020-11-07 19:02:18,598 - 21732 - root - INFO - NO HAY MEJORA EN EL VECINDARIO
2020-11-07 19:02:18,599 - 21732 - root - INFO - generacion 13 de 20
2020-11-07 19:05:51,694 - 21732 - root - INFO - Inicia busqueda local en la generacion al final de la generacion 13
2020-11-07 19:08:32,002 - 21732 - root - INFO - NO HAY MEJORA EN EL VECINDARIO
2020-11-07 19:08:32,003 - 21732 - root - INFO - generacion 14 de 20
2020-11-07 19:12:10,456 - 21732 - root - INFO - Inicia busqueda local en la generacion al final de la generacion 14
2020-11-07 19:14:49,767 - 21732 - root - INFO - NO HAY MEJORA EN EL VECINDARIO
2020-11-07 19:14:49,768 - 21732 - root - INFO - generacion 15 de 20
2020-11-07 19:18:12,238 - 21732 - root - INFO - Inicia busqueda local en la generacion al final de la generacion 15
2020-11-07 19:20:52,879 - 21732 - root - INFO - NO HAY MEJORA EN EL VECINDARIO
2020-11-07 19:20:52,880 - 21732 - root - INFO - generacion 16 de 20
2020-11-07 19:24:17,993 - 21732 - root - INFO - Inicia busqueda local en la generacion al final de la generacion 16
2020-11-07 19:26:57,667 - 21732 - root - INFO - NO HAY MEJORA EN EL VECINDARIO
2020-11-07 19:26:57,668 - 21732 - root - INFO - generacion 17 de 20
2020-11-07 19:30:19,534 - 21732 - root - INFO - Inicia busqueda local en la generacion al final de la generacion 17
2020-11-07 19:32:59,434 - 21732 - root - INFO - NO HAY MEJORA EN EL VECINDARIO
2020-11-07 19:32:59,435 - 21732 - root - INFO - generacion 18 de 20
2020-11-07 19:36:26,535 - 21732 - root - INFO - Inicia busqueda local en la generacion al final de la generacion 18
2020-11-07 19:39:06,306 - 21732 - root - INFO - NO HAY MEJORA EN EL VECINDARIO
2020-11-07 19:39:06,307 - 21732 - root - INFO - generacion 19 de 20
2020-11-07 19:42:30,253 - 21732 - root - INFO - Inicia busqueda local en la generacion al final de la generacion 19
2020-11-07 19:45:10,772 - 21732 - root - INFO - NO HAY MEJORA EN EL VECINDARIO
2020-11-07 19:45:14,955 - 21732 - root - INFO - ************************************************************
2020-11-07 19:45:14,955 - 21732 - root - INFO - FIN ALGORITMO GENETICO: tiempo 11754.4773 mins
2020-11-07 19:45:14,955 - 21732 - root - INFO - ************************************************************
2020-11-07 19:45:14,955 - 21732 - root - INFO - La mejor solucion fue
2020-11-07 19:45:14,956 - 21732 - root - INFO - {'layer_sizes': (81, 24, 98), 'activation': 'identity', 'alpha': 0.00015046509907209833, 'learning_rate_init': 0.2008, 'fitness': 0.7834564114967499}
